2020-03-07 13:44:37.525  INFO 1704 --- [restartedMain] c.c.g.GongxiangdaoyouApplication         : Starting GongxiangdaoyouApplication on LAPTOP-NIF2A785 with PID 1704 (started by 10424 in D:\java\java项目\gongxiangdaoyou)
2020-03-07 13:44:37.532  INFO 1704 --- [restartedMain] c.c.g.GongxiangdaoyouApplication         : No active profile set, falling back to default profiles: default
2020-03-07 13:44:37.640  INFO 1704 --- [restartedMain] .e.DevToolsPropertyDefaultsPostProcessor : Devtools property defaults active! Set 'spring.devtools.add-properties' to 'false' to disable
2020-03-07 13:44:37.640  INFO 1704 --- [restartedMain] .e.DevToolsPropertyDefaultsPostProcessor : For additional web related logging consider setting the 'logging.level.web' property to 'DEBUG'
2020-03-07 13:44:39.139  INFO 1704 --- [restartedMain] trationDelegate$BeanPostProcessorChecker : Bean 'org.springframework.ws.config.annotation.DelegatingWsConfiguration' of type [org.springframework.ws.config.annotation.DelegatingWsConfiguration$$EnhancerBySpringCGLIB$$1cf858de] is not eligible for getting processed by all BeanPostProcessors (for example: not eligible for auto-proxying)
2020-03-07 13:44:39.230  INFO 1704 --- [restartedMain] .w.s.a.s.AnnotationActionEndpointMapping : Supporting [WS-Addressing August 2004, WS-Addressing 1.0]
2020-03-07 13:44:39.652  INFO 1704 --- [restartedMain] o.s.b.w.embedded.tomcat.TomcatWebServer  : Tomcat initialized with port(s): 8082 (http)
2020-03-07 13:44:39.659  INFO 1704 --- [restartedMain] o.apache.catalina.core.StandardService   : Starting service [Tomcat]
2020-03-07 13:44:39.660  INFO 1704 --- [restartedMain] org.apache.catalina.core.StandardEngine  : Starting Servlet engine: [Apache Tomcat/9.0.29]
2020-03-07 13:44:39.728  INFO 1704 --- [restartedMain] o.a.c.c.C.[Tomcat].[localhost].[/]       : Initializing Spring embedded WebApplicationContext
2020-03-07 13:44:39.728  INFO 1704 --- [restartedMain] o.s.web.context.ContextLoader            : Root WebApplicationContext: initialization completed in 2087 ms
2020-03-07 13:44:40.172  INFO 1704 --- [restartedMain] o.s.s.concurrent.ThreadPoolTaskExecutor  : Initializing ExecutorService 'applicationTaskExecutor'
2020-03-07 13:44:40.373  INFO 1704 --- [restartedMain] o.s.b.d.a.OptionalLiveReloadServer       : LiveReload server is running on port 35729
2020-03-07 13:44:40.417  INFO 1704 --- [restartedMain] o.s.b.w.embedded.tomcat.TomcatWebServer  : Tomcat started on port(s): 8082 (http) with context path ''
2020-03-07 13:44:40.421  INFO 1704 --- [restartedMain] c.c.g.GongxiangdaoyouApplication         : Started GongxiangdaoyouApplication in 3.672 seconds (JVM running for 5.476)
2020-03-07 13:45:49.331  INFO 1704 --- [http-nio-8082-exec-1] o.a.c.c.C.[Tomcat].[localhost].[/]       : Initializing Spring DispatcherServlet 'dispatcherServlet'
2020-03-07 13:45:49.332  INFO 1704 --- [http-nio-8082-exec-1] o.s.web.servlet.DispatcherServlet        : Initializing Servlet 'dispatcherServlet'
2020-03-07 13:45:49.338  INFO 1704 --- [http-nio-8082-exec-1] o.s.web.servlet.DispatcherServlet        : Completed initialization in 6 ms
2020-03-07 13:45:49.381  WARN 1704 --- [http-nio-8082-exec-1] .w.s.m.s.DefaultHandlerExceptionResolver : Resolved [org.springframework.web.HttpRequestMethodNotSupportedException: Request method 'POST' not supported]
2020-03-07 13:45:49.850  WARN 1704 --- [http-nio-8082-exec-1] o.a.c.util.SessionIdGeneratorBase        : Creation of SecureRandom instance for session ID generation using [SHA1PRNG] took [282] milliseconds.
2020-03-07 13:46:04.054  INFO 1704 --- [http-nio-8082-exec-3] com.zaxxer.hikari.HikariDataSource       : HikariPool-1 - Starting...
2020-03-07 13:46:04.360  INFO 1704 --- [http-nio-8082-exec-3] com.zaxxer.hikari.HikariDataSource       : HikariPool-1 - Start completed.
2020-03-07 13:47:09.865  INFO 1704 --- [Thread-5] o.s.s.concurrent.ThreadPoolTaskExecutor  : Shutting down ExecutorService 'applicationTaskExecutor'
2020-03-07 13:47:09.868  INFO 1704 --- [Thread-5] com.zaxxer.hikari.HikariDataSource       : HikariPool-1 - Shutdown initiated...
2020-03-07 13:47:09.879  INFO 1704 --- [Thread-5] com.zaxxer.hikari.HikariDataSource       : HikariPool-1 - Shutdown completed.
2020-03-07 13:47:10.773  INFO 1704 --- [restartedMain] c.c.g.GongxiangdaoyouApplication         : Starting GongxiangdaoyouApplication on LAPTOP-NIF2A785 with PID 1704 (started by 10424 in D:\java\java项目\gongxiangdaoyou)
2020-03-07 13:47:10.774  INFO 1704 --- [restartedMain] c.c.g.GongxiangdaoyouApplication         : No active profile set, falling back to default profiles: default
2020-03-07 13:47:11.340  INFO 1704 --- [restartedMain] trationDelegate$BeanPostProcessorChecker : Bean 'org.springframework.ws.config.annotation.DelegatingWsConfiguration' of type [org.springframework.ws.config.annotation.DelegatingWsConfiguration$$EnhancerBySpringCGLIB$$1cf858de] is not eligible for getting processed by all BeanPostProcessors (for example: not eligible for auto-proxying)
2020-03-07 13:47:11.342  INFO 1704 --- [restartedMain] .w.s.a.s.AnnotationActionEndpointMapping : Supporting [WS-Addressing August 2004, WS-Addressing 1.0]
2020-03-07 13:47:11.392  WARN 1704 --- [restartedMain] org.apache.tomcat.util.modeler.Registry  : The MBean registry cannot be disabled because it has already been initialised
2020-03-07 13:47:11.432  INFO 1704 --- [restartedMain] o.s.b.w.embedded.tomcat.TomcatWebServer  : Tomcat initialized with port(s): 8082 (http)
2020-03-07 13:47:11.433  INFO 1704 --- [restartedMain] o.apache.catalina.core.StandardService   : Starting service [Tomcat]
2020-03-07 13:47:11.435  INFO 1704 --- [restartedMain] org.apache.catalina.core.StandardEngine  : Starting Servlet engine: [Apache Tomcat/9.0.29]
2020-03-07 13:47:11.467  INFO 1704 --- [restartedMain] o.a.c.c.C.[Tomcat].[localhost].[/]       : Initializing Spring embedded WebApplicationContext
2020-03-07 13:47:11.467  INFO 1704 --- [restartedMain] o.s.web.context.ContextLoader            : Root WebApplicationContext: initialization completed in 688 ms
2020-03-07 13:47:11.777  INFO 1704 --- [restartedMain] o.s.s.concurrent.ThreadPoolTaskExecutor  : Initializing ExecutorService 'applicationTaskExecutor'
2020-03-07 13:47:12.025  INFO 1704 --- [restartedMain] o.s.b.d.a.OptionalLiveReloadServer       : LiveReload server is running on port 35729
2020-03-07 13:47:12.067  INFO 1704 --- [restartedMain] o.s.b.w.embedded.tomcat.TomcatWebServer  : Tomcat started on port(s): 8082 (http) with context path ''
2020-03-07 13:47:12.069  INFO 1704 --- [restartedMain] c.c.g.GongxiangdaoyouApplication         : Started GongxiangdaoyouApplication in 1.345 seconds (JVM running for 157.123)
2020-03-07 13:47:12.071  INFO 1704 --- [restartedMain] .ConditionEvaluationDeltaLoggingListener : Condition evaluation unchanged
2020-03-07 13:48:13.081  INFO 12000 --- [restartedMain] c.c.g.GongxiangdaoyouApplication         : Starting GongxiangdaoyouApplication on LAPTOP-NIF2A785 with PID 12000 (started by 10424 in D:\java\java项目\gongxiangdaoyou)
2020-03-07 13:48:13.083  INFO 12000 --- [restartedMain] c.c.g.GongxiangdaoyouApplication         : No active profile set, falling back to default profiles: default
2020-03-07 13:48:13.137  INFO 12000 --- [restartedMain] .e.DevToolsPropertyDefaultsPostProcessor : Devtools property defaults active! Set 'spring.devtools.add-properties' to 'false' to disable
2020-03-07 13:48:13.137  INFO 12000 --- [restartedMain] .e.DevToolsPropertyDefaultsPostProcessor : For additional web related logging consider setting the 'logging.level.web' property to 'DEBUG'
2020-03-07 13:48:13.851  INFO 12000 --- [restartedMain] trationDelegate$BeanPostProcessorChecker : Bean 'org.springframework.ws.config.annotation.DelegatingWsConfiguration' of type [org.springframework.ws.config.annotation.DelegatingWsConfiguration$$EnhancerBySpringCGLIB$$33107ab8] is not eligible for getting processed by all BeanPostProcessors (for example: not eligible for auto-proxying)
2020-03-07 13:48:13.895  INFO 12000 --- [restartedMain] .w.s.a.s.AnnotationActionEndpointMapping : Supporting [WS-Addressing August 2004, WS-Addressing 1.0]
2020-03-07 13:48:14.279  INFO 12000 --- [restartedMain] o.s.b.w.embedded.tomcat.TomcatWebServer  : Tomcat initialized with port(s): 8082 (http)
2020-03-07 13:48:14.285  INFO 12000 --- [restartedMain] o.apache.catalina.core.StandardService   : Starting service [Tomcat]
2020-03-07 13:48:14.286  INFO 12000 --- [restartedMain] org.apache.catalina.core.StandardEngine  : Starting Servlet engine: [Apache Tomcat/9.0.29]
2020-03-07 13:48:14.358  INFO 12000 --- [restartedMain] o.a.c.c.C.[Tomcat].[localhost].[/]       : Initializing Spring embedded WebApplicationContext
2020-03-07 13:48:14.358  INFO 12000 --- [restartedMain] o.s.web.context.ContextLoader            : Root WebApplicationContext: initialization completed in 1221 ms
2020-03-07 13:48:14.668  INFO 12000 --- [restartedMain] o.s.s.concurrent.ThreadPoolTaskExecutor  : Initializing ExecutorService 'applicationTaskExecutor'
2020-03-07 13:48:14.864  INFO 12000 --- [restartedMain] o.s.b.d.a.OptionalLiveReloadServer       : LiveReload server is running on port 35729
2020-03-07 13:48:14.906  INFO 12000 --- [restartedMain] o.s.b.w.embedded.tomcat.TomcatWebServer  : Tomcat started on port(s): 8082 (http) with context path ''
2020-03-07 13:48:14.910  INFO 12000 --- [restartedMain] c.c.g.GongxiangdaoyouApplication         : Started GongxiangdaoyouApplication in 2.196 seconds (JVM running for 3.139)
2020-03-07 13:48:17.059  INFO 12000 --- [http-nio-8082-exec-1] o.a.c.c.C.[Tomcat].[localhost].[/]       : Initializing Spring DispatcherServlet 'dispatcherServlet'
2020-03-07 13:48:17.060  INFO 12000 --- [http-nio-8082-exec-1] o.s.web.servlet.DispatcherServlet        : Initializing Servlet 'dispatcherServlet'
2020-03-07 13:48:17.066  INFO 12000 --- [http-nio-8082-exec-1] o.s.web.servlet.DispatcherServlet        : Completed initialization in 6 ms
2020-03-07 13:48:17.746  WARN 12000 --- [http-nio-8082-exec-1] o.a.c.util.SessionIdGeneratorBase        : Creation of SecureRandom instance for session ID generation using [SHA1PRNG] took [288] milliseconds.
2020-03-07 13:48:17.773  INFO 12000 --- [http-nio-8082-exec-1] com.zaxxer.hikari.HikariDataSource       : HikariPool-1 - Starting...
2020-03-07 13:48:17.861  INFO 12000 --- [http-nio-8082-exec-1] com.zaxxer.hikari.HikariDataSource       : HikariPool-1 - Start completed.
